<?xml version="1.0" encoding="UTF-8"?>
<!-- Generated by org.testng.reporters.JUnitReportReporter -->
<testsuite hostname="DESKTOP-2JQ4EAS" failures="0" tests="3" name="test.LoginTest" time="5.842" errors="0" timestamp="2022-08-24T11:20:45 IST" skipped="0">
  <testcase classname="test.LoginTest" name="verifyUrlOfPage" time="0.080"/>
  <system-out/>
  <testcase classname="test.LoginTest" name="verifyLoginPageIsDisplayed" time="0.687"/>
  <system-out/>
  <testcase classname="test.LoginTest" name="verifyLogin" time="5.075"/>
  <system-out/>
</testsuite> <!-- test.LoginTest -->
