<?xml version="1.0" encoding="UTF-8"?>
<!-- Generated by org.testng.reporters.JUnitReportReporter -->
<testsuite hostname="DESKTOP-2JQ4EAS" failures="0" tests="1" name="test.AdminTest" time="4.757" errors="0" timestamp="2022-08-24T01:42:47 IST" skipped="0">
  <testcase classname="test.AdminTest" name="verifyAdminPage" time="4.757"/>
  <system-out/>
</testsuite> <!-- test.AdminTest -->
