<?xml version="1.0" encoding="UTF-8"?>
<!-- Generated by org.testng.reporters.JUnitReportReporter -->
<testsuite hostname="DESKTOP-2JQ4EAS" failures="0" tests="3" name="test.LoginTest" time="3.764" errors="0" timestamp="2022-08-28T00:57:30 IST" skipped="0">
  <testcase classname="test.LoginTest" name="verifyCurrentUrl" time="0.020"/>
  <system-out/>
  <testcase classname="test.LoginTest" name="verifyLoginTitle" time="0.206"/>
  <system-out/>
  <testcase classname="test.LoginTest" name="verifyLoginPage" time="3.538"/>
  <system-out/>
</testsuite> <!-- test.LoginTest -->
